<?xml version="1.0" encoding="UTF-8"?>
<!-- Generated by org.testng.reporters.JUnitReportReporter -->
<testsuite hostname="LAPTOP-59FR3IBJ" failures="0" tests="1" name="TestNG_Practicals.Scolling" time="20.954" errors="0" timestamp="2022-09-20T16:13:21 IST" skipped="0">
  <testcase classname="TestNG_Practicals.Scolling" name="m1" time="20.954"/>
  <system-out/>
</testsuite> <!-- TestNG_Practicals.Scolling -->
