<?xml version="1.0" encoding="UTF-8"?>
<!-- Generated by org.testng.reporters.JUnitReportReporter -->
<testsuite hostname="LAPTOP-59FR3IBJ" failures="0" tests="1" name="IFrame.Test_Iframe" time="51.578" errors="0" timestamp="2022-08-24T11:27:59 IST" skipped="0">
  <testcase classname="IFrame.Test_Iframe" name="tc_001" time="51.578"/>
  <system-out/>
</testsuite> <!-- IFrame.Test_Iframe -->
