<?xml version="1.0" encoding="UTF-8"?>
<!-- Generated by org.testng.reporters.JUnitReportReporter -->
<testsuite hostname="LAPTOP-59FR3IBJ" failures="0" tests="1" name="Task_Testcases.TC_001" time="11.683" errors="0" timestamp="2022-09-27T14:22:37 IST" skipped="0">
  <testcase classname="Task_Testcases.TC_001" name="Test_01" time="11.683"/>
  <system-out/>
</testsuite> <!-- Task_Testcases.TC_001 -->
