<?xml version="1.0" encoding="UTF-8"?>
<!-- Generated by org.testng.reporters.JUnitReportReporter -->
<testsuite hostname="LAPTOP-59FR3IBJ" failures="0" tests="1" name="TestNG_Practicals.ScollBy_UsingMethod" time="4.286" errors="0" timestamp="2022-08-20T15:32:26 IST" skipped="0">
  <testcase classname="TestNG_Practicals.ScollBy_UsingMethod" name="m1" time="4.286"/>
  <system-out/>
</testsuite> <!-- TestNG_Practicals.ScollBy_UsingMethod -->
