<?xml version="1.0" encoding="UTF-8"?>
<!-- Generated by org.testng.reporters.JUnitReportReporter -->
<testsuite hostname="LAPTOP-59FR3IBJ" failures="0" tests="1" name="Wait.Implicit" time="8.360" errors="0" timestamp="2022-08-23T11:00:09 IST" skipped="0">
  <testcase classname="Wait.Implicit" name="tc_001" time="8.360"/>
  <system-out/>
</testsuite> <!-- Wait.Implicit -->
