<?xml version="1.0" encoding="UTF-8"?>
<!-- Generated by org.testng.reporters.JUnitReportReporter -->
<testsuite hostname="LAPTOP-59FR3IBJ" failures="0" tests="1" name="Practice_Script.Amazon_CreateAccountScript" time="18.229" errors="0" timestamp="2022-10-03T12:57:39 IST" skipped="0">
  <testcase classname="Practice_Script.Amazon_CreateAccountScript" name="Tc_002" time="18.229"/>
  <system-out/>
</testsuite> <!-- Practice_Script.Amazon_CreateAccountScript -->
