<?xml version="1.0" encoding="UTF-8"?>
<!-- Generated by org.testng.reporters.JUnitReportReporter -->
<testsuite hostname="LAPTOP-59FR3IBJ" failures="0" tests="1" name="Test_1verify.Test_2" time="11.237" errors="0" timestamp="2022-08-20T15:10:02 IST" skipped="0">
  <testcase classname="Test_1verify.Test_2" name="tc_001" time="11.237"/>
  <system-out/>
</testsuite> <!-- Test_1verify.Test_2 -->
