<?xml version="1.0" encoding="UTF-8"?>
<!-- Generated by org.testng.reporters.JUnitReportReporter -->
<testsuite hostname="LAPTOP-59FR3IBJ" failures="0" tests="5" name="TestNG_Practicals.Test_03" time="32.451" errors="0" timestamp="2022-08-13T09:09:27 IST" skipped="0">
  <testcase classname="TestNG_Practicals.Test_03" name="getCurrenturl" time="4.646"/>
  <system-out/>
  <testcase classname="TestNG_Practicals.Test_03" name="password" time="6.718"/>
  <system-out/>
  <testcase classname="TestNG_Practicals.Test_03" name="Test_1" time="7.811"/>
  <system-out/>
  <testcase classname="TestNG_Practicals.Test_03" name="getTitle" time="4.998"/>
  <system-out/>
  <testcase classname="TestNG_Practicals.Test_03" name="btn_click" time="8.278"/>
  <system-out/>
</testsuite> <!-- TestNG_Practicals.Test_03 -->
