<?xml version="1.0" encoding="UTF-8"?>
<!-- Generated by org.testng.reporters.JUnitReportReporter -->
<testsuite hostname="LAPTOP-59FR3IBJ" failures="0" tests="1" name="Task_Testcases.TC_004" time="20.617" errors="0" timestamp="2022-09-27T14:30:14 IST" skipped="0">
  <testcase classname="Task_Testcases.TC_004" name="Test_04" time="20.617"/>
  <system-out/>
</testsuite> <!-- Task_Testcases.TC_004 -->
