<?xml version="1.0" encoding="UTF-8"?>
<!-- Generated by org.testng.reporters.JUnitReportReporter -->
<testsuite hostname="LAPTOP-59FR3IBJ" failures="0" tests="1" name="TestNG_Practicals.Test_04" time="15.531" errors="0" timestamp="2022-08-13T09:09:27 IST" skipped="0">
  <testcase classname="TestNG_Practicals.Test_04" name="login_page" time="15.531"/>
  <system-out/>
</testsuite> <!-- TestNG_Practicals.Test_04 -->
