<?xml version="1.0" encoding="UTF-8"?>
<!-- Generated by org.testng.reporters.JUnitReportReporter -->
<testsuite hostname="LAPTOP-59FR3IBJ" failures="0" tests="4" name="TestNG_Practicals.Test_08" time="0.007" errors="0" timestamp="2022-08-14T17:49:20 IST" skipped="0">
  <testcase classname="TestNG_Practicals.Test_08" name="D" time="0.000"/>
  <system-out/>
  <testcase classname="TestNG_Practicals.Test_08" name="C" time="0.000"/>
  <system-out/>
  <testcase classname="TestNG_Practicals.Test_08" name="B" time="0.001"/>
  <system-out/>
  <testcase classname="TestNG_Practicals.Test_08" name="A" time="0.006"/>
  <system-out/>
</testsuite> <!-- TestNG_Practicals.Test_08 -->
