<?xml version="1.0" encoding="UTF-8"?>
<!-- Generated by org.testng.reporters.JUnitReportReporter -->
<testsuite hostname="LAPTOP-59FR3IBJ" failures="0" tests="1" name="TestNG_Practicals.Test_02" time="0.005" errors="0" timestamp="2022-08-12T09:55:06 IST" skipped="0">
  <testcase classname="TestNG_Practicals.Test_02" name="Test_1" time="0.005"/>
  <system-out/>
</testsuite> <!-- TestNG_Practicals.Test_02 -->
