<?xml version="1.0" encoding="UTF-8"?>
<!-- Generated by org.testng.reporters.JUnitReportReporter -->
<testsuite hostname="LAPTOP-59FR3IBJ" failures="0" tests="1" name="Task_Testcases.TC_002" time="13.011" errors="0" timestamp="2022-09-27T14:25:52 IST" skipped="0">
  <testcase classname="Task_Testcases.TC_002" name="Test_02" time="13.011"/>
  <system-out/>
</testsuite> <!-- Task_Testcases.TC_002 -->
