<?xml version="1.0" encoding="UTF-8"?>
<!-- Generated by org.testng.reporters.JUnitReportReporter -->
<testsuite hostname="LAPTOP-59FR3IBJ" failures="0" tests="1" name="Wait.Explicit" time="11.905" errors="0" timestamp="2022-08-23T10:58:27 IST" skipped="0">
  <testcase classname="Wait.Explicit" name="tc_001" time="11.905"/>
  <system-out/>
</testsuite> <!-- Wait.Explicit -->
