<?xml version="1.0" encoding="UTF-8"?>
<!-- Generated by org.testng.reporters.JUnitReportReporter -->
<testsuite hostname="LAPTOP-59FR3IBJ" failures="0" tests="1" name="Test_01.Assert_03" time="9.633" errors="0" timestamp="2022-08-15T17:07:52 IST" skipped="0">
  <testcase classname="Test_01.Assert_03" name="m1" time="9.633"/>
  <system-out/>
</testsuite> <!-- Test_01.Assert_03 -->
