<?xml version="1.0" encoding="UTF-8"?>
<!-- Generated by org.testng.reporters.JUnitReportReporter -->
<testsuite hostname="LAPTOP-59FR3IBJ" failures="0" tests="1" name="Practice_Script.Amazon_Script" time="59.850" errors="0" timestamp="2023-01-11T12:50:11 IST" skipped="0">
  <testcase classname="Practice_Script.Amazon_Script" name="Tc_001" time="59.850"/>
  <system-out/>
</testsuite> <!-- Practice_Script.Amazon_Script -->
