<?xml version="1.0" encoding="UTF-8"?>
<!-- Generated by org.testng.reporters.JUnitReportReporter -->
<testsuite hostname="LAPTOP-59FR3IBJ" failures="0" tests="1" name="TestNG_Practicals.WithOut_Sendkeys_Try" time="15.795" errors="0" timestamp="2022-08-20T14:39:43 IST" skipped="0">
  <testcase classname="TestNG_Practicals.WithOut_Sendkeys_Try" name="Test_1" time="15.795"/>
  <system-out/>
</testsuite> <!-- TestNG_Practicals.WithOut_Sendkeys_Try -->
