<?xml version="1.0" encoding="UTF-8"?>
<!-- Generated by org.testng.reporters.JUnitReportReporter -->
<testsuite hostname="LAPTOP-59FR3IBJ" failures="0" tests="3" name="TestNG_Practicals.Test_001" time="0.008" errors="0" timestamp="2022-08-15T15:56:15 IST" skipped="0">
  <testcase classname="TestNG_Practicals.Test_001" name="test_tc_001_a" time="0.007"/>
  <system-out/>
  <testcase classname="TestNG_Practicals.Test_001" name="test_tc_002_b" time="0.001"/>
  <system-out/>
  <testcase classname="TestNG_Practicals.Test_001" name="test_tc_003_c" time="0.000"/>
  <system-out/>
</testsuite> <!-- TestNG_Practicals.Test_001 -->
