<?xml version="1.0" encoding="UTF-8"?>
<!-- Generated by org.testng.reporters.JUnitReportReporter -->
<testsuite hostname="LAPTOP-59FR3IBJ" failures="0" tests="3" name="TestNG_Practicals.Test_07" time="0.006" errors="0" timestamp="2022-08-13T09:09:27 IST" skipped="1">
  <testcase classname="TestNG_Practicals.Test_07" name="C" time="0.001"/>
  <system-out/>
  <testcase classname="TestNG_Practicals.Test_07" name="A" time="0.005"/>
  <system-out/>
  <testcase classname="TestNG_Practicals.Test_07" name="B">
    <skipped/>
  </testcase> <!-- B -->
  <system-out/>
</testsuite> <!-- TestNG_Practicals.Test_07 -->
