<?xml version="1.0" encoding="UTF-8"?>
<!-- Generated by org.testng.reporters.JUnitReportReporter -->
<testsuite hostname="LAPTOP-59FR3IBJ" failures="0" tests="1" name="Task_Testcases.TC_003" time="15.521" errors="0" timestamp="2022-09-27T14:28:26 IST" skipped="0">
  <testcase classname="Task_Testcases.TC_003" name="Test_03" time="15.521"/>
  <system-out/>
</testsuite> <!-- Task_Testcases.TC_003 -->
