<?xml version="1.0" encoding="UTF-8"?>
<!-- Generated by org.testng.reporters.JUnitReportReporter -->
<testsuite hostname="LAPTOP-59FR3IBJ" failures="0" tests="14" name="Test_01.Test_01" time="56.268" errors="0" timestamp="2022-08-14T18:38:09 IST" skipped="0">
  <testcase classname="Test_01.Test_01" name="Test_2" time="3.882"/>
  <system-out/>
  <testcase classname="Test_01.Test_01" name="Test_2" time="2.471"/>
  <system-out/>
  <testcase classname="Test_01.Test_01" name="Test_4" time="2.453"/>
  <system-out/>
  <testcase classname="Test_01.Test_01" name="Test_5" time="5.167"/>
  <system-out/>
  <testcase classname="Test_01.Test_01" name="Test_5" time="3.917"/>
  <system-out/>
  <testcase classname="Test_01.Test_01" name="Test_1" time="2.834"/>
  <system-out/>
  <testcase classname="Test_01.Test_01" name="Test_1" time="5.007"/>
  <system-out/>
  <testcase classname="Test_01.Test_01" name="Test_5" time="3.299"/>
  <system-out/>
  <testcase classname="Test_01.Test_01" name="Test_2" time="4.796"/>
  <system-out/>
  <testcase classname="Test_01.Test_01" name="Test_4" time="5.199"/>
  <system-out/>
  <testcase classname="Test_01.Test_01" name="Test_3" time="4.660"/>
  <system-out/>
  <testcase classname="Test_01.Test_01" name="Test_1" time="3.962"/>
  <system-out/>
  <testcase classname="Test_01.Test_01" name="Test_4" time="4.685"/>
  <system-out/>
  <testcase classname="Test_01.Test_01" name="Test_3" time="3.936"/>
  <system-out/>
</testsuite> <!-- Test_01.Test_01 -->
